Performing C SOURCE FILE Test CMAKE_HAVE_LIBC_PTHREAD failed with the following output:
Change Dir: /home/gustavo-policarpo/TCC/Protocol_Buffer_Examples/protos/cmake-build-debug/CMakeFiles/CMakeTmp

Run Build Command(s):/usr/bin/make cmTC_7143b/fast && /usr/bin/make -f CMakeFiles/cmTC_7143b.dir/build.make CMakeFiles/cmTC_7143b.dir/build
make[1]: Entering directory '/home/gustavo-policarpo/TCC/Protocol_Buffer_Examples/protos/cmake-build-debug/CMakeFiles/CMakeTmp'
Building C object CMakeFiles/cmTC_7143b.dir/src.c.o
/usr/bin/cc   -DCMAKE_HAVE_LIBC_PTHREAD   -o CMakeFiles/cmTC_7143b.dir/src.c.o   -c /home/gustavo-policarpo/TCC/Protocol_Buffer_Examples/protos/cmake-build-debug/CMakeFiles/CMakeTmp/src.c
Linking C executable cmTC_7143b
/home/gustavo-policarpo/clion-2019.3.4/bin/cmake/linux/bin/cmake -E cmake_link_script CMakeFiles/cmTC_7143b.dir/link.txt --verbose=1
/usr/bin/cc  -DCMAKE_HAVE_LIBC_PTHREAD    CMakeFiles/cmTC_7143b.dir/src.c.o  -o cmTC_7143b 
CMakeFiles/cmTC_7143b.dir/src.c.o: In function `main':
src.c:(.text+0x3e): undefined reference to `pthread_create'
src.c:(.text+0x4a): undefined reference to `pthread_detach'
src.c:(.text+0x5b): undefined reference to `pthread_join'
src.c:(.text+0x6f): undefined reference to `pthread_atfork'
collect2: error: ld returned 1 exit status
CMakeFiles/cmTC_7143b.dir/build.make:86: recipe for target 'cmTC_7143b' failed
make[1]: *** [cmTC_7143b] Error 1
make[1]: Leaving directory '/home/gustavo-policarpo/TCC/Protocol_Buffer_Examples/protos/cmake-build-debug/CMakeFiles/CMakeTmp'
Makefile:121: recipe for target 'cmTC_7143b/fast' failed
make: *** [cmTC_7143b/fast] Error 2


Source file was:
#include <pthread.h>

void* test_func(void* data)
{
  return data;
}

int main(void)
{
  pthread_t thread;
  pthread_create(&thread, NULL, test_func, NULL);
  pthread_detach(thread);
  pthread_join(thread, NULL);
  pthread_atfork(NULL, NULL, NULL);
  pthread_exit(NULL);

  return 0;
}

Determining if the function pthread_create exists in the pthreads failed with the following output:
Change Dir: /home/gustavo-policarpo/TCC/Protocol_Buffer_Examples/protos/cmake-build-debug/CMakeFiles/CMakeTmp

Run Build Command(s):/usr/bin/make cmTC_44764/fast && /usr/bin/make -f CMakeFiles/cmTC_44764.dir/build.make CMakeFiles/cmTC_44764.dir/build
make[1]: Entering directory '/home/gustavo-policarpo/TCC/Protocol_Buffer_Examples/protos/cmake-build-debug/CMakeFiles/CMakeTmp'
Building C object CMakeFiles/cmTC_44764.dir/CheckFunctionExists.c.o
/usr/bin/cc   -DCHECK_FUNCTION_EXISTS=pthread_create   -o CMakeFiles/cmTC_44764.dir/CheckFunctionExists.c.o   -c /home/gustavo-policarpo/clion-2019.3.4/bin/cmake/linux/share/cmake-3.15/Modules/CheckFunctionExists.c
Linking C executable cmTC_44764
/home/gustavo-policarpo/clion-2019.3.4/bin/cmake/linux/bin/cmake -E cmake_link_script CMakeFiles/cmTC_44764.dir/link.txt --verbose=1
/usr/bin/cc  -DCHECK_FUNCTION_EXISTS=pthread_create    CMakeFiles/cmTC_44764.dir/CheckFunctionExists.c.o  -o cmTC_44764 -lpthreads 
/usr/bin/ld: cannot find -lpthreads
collect2: error: ld returned 1 exit status
CMakeFiles/cmTC_44764.dir/build.make:86: recipe for target 'cmTC_44764' failed
make[1]: *** [cmTC_44764] Error 1
make[1]: Leaving directory '/home/gustavo-policarpo/TCC/Protocol_Buffer_Examples/protos/cmake-build-debug/CMakeFiles/CMakeTmp'
Makefile:121: recipe for target 'cmTC_44764/fast' failed
make: *** [cmTC_44764/fast] Error 2



